<?xml version="1.0" encoding="UTF-8" ?>
<testsuite errors="0" failures="1" hostname="HEN12" name="projecttrack1.TaskTests" tests="1" time="0.156" timestamp="2013-10-30T01:17:13">
  <properties />
  <testcase classname="projecttrack1.TaskTests" name="testSomething" time="0.047">
    <failure message="junit.framework.AssertionFailedError: Implement me" type="junit.framework.AssertionFailedError">junit.framework.AssertionFailedError: junit.framework.AssertionFailedError: Implement me
	at projecttrack1.TaskTests.testSomething(TaskTests.groovy:15)
</failure>
  </testcase>
  <system-out><![CDATA[--Output from testSomething--
]]></system-out>
  <system-err><![CDATA[--Output from testSomething--
]]></system-err>
</testsuite>
