<?xml version="1.0" encoding="UTF-8" ?>
<testsuite errors="0" failures="1" hostname="HEN12" name="projecttrack1.UserTests" tests="1" time="0.132" timestamp="2013-10-27T22:59:05">
  <properties />
  <testcase classname="projecttrack1.UserTests" name="testSomething" time="0.129">
    <failure message="junit.framework.AssertionFailedError: Implement me" type="junit.framework.AssertionFailedError">junit.framework.AssertionFailedError: junit.framework.AssertionFailedError: Implement me
	at projecttrack1.UserTests.testSomething(UserTests.groovy:15)
</failure>
  </testcase>
  <system-out><![CDATA[--Output from testSomething--
]]></system-out>
  <system-err><![CDATA[--Output from testSomething--
]]></system-err>
</testsuite>
