<?xml version="1.0" encoding="UTF-8" ?>
<testsuite errors="0" failures="0" hostname="HEN12" name="projecttrack1.ProjectTests" tests="1" time="0.609" timestamp="2013-10-30T01:17:11">
  <properties />
  <testcase classname="projecttrack1.ProjectTests" name="testNoBlank" time="0.141" />
  <system-out><![CDATA[--Output from testNoBlank--
]]></system-out>
  <system-err><![CDATA[--Output from testNoBlank--
]]></system-err>
</testsuite>
