<?xml version="1.0" encoding="UTF-8" ?>
<testsuite errors="0" failures="1" hostname="HEN12" name="projecttracker.ListProjectsTests" tests="1" time="0.5" timestamp="2013-10-22T22:43:28">
  <properties />
  <testcase classname="projecttracker.ListProjectsTests" name="testSomething" time="0.485">
    <failure message="junit.framework.AssertionFailedError: Implement me" type="junit.framework.AssertionFailedError">junit.framework.AssertionFailedError: junit.framework.AssertionFailedError: Implement me
	at projecttracker.ListProjectsTests.testSomething(ListProjectsTests.groovy:15)
</failure>
  </testcase>
  <system-out><![CDATA[--Output from testSomething--
]]></system-out>
  <system-err><![CDATA[--Output from testSomething--
]]></system-err>
</testsuite>
